Arguments: 
  C:\Program Files\nodejs\node.exe C:\Users\Lucky\AppData\Roaming\npm\node_modules\yarn\bin\yarn.js install

PATH: 
  C:\Users\Lucky\bin;C:\Program Files (x86)\Git\mingw32\bin;C:\Program Files (x86)\Git\usr\local\bin;C:\Program Files (x86)\Git\usr\bin;C:\Program Files (x86)\Git\usr\bin;C:\Program Files (x86)\Git\mingw32\bin;C:\Program Files (x86)\Git\usr\bin;C:\Users\Lucky\bin;C:\WINDOWS\system32;C:\WINDOWS;C:\WINDOWS\System32\Wbem;C:\WINDOWS\System32\WindowsPowerShell\v1.0;C:\Program Files\php-8.1.11-Win32-vs16-x64;C:\WINDOWS\System32\OpenSSH;C:\Program Files\dotnet;C:\Program Files (x86)\Git\cmd;C:\Users\Lucky\AppData\Local\Programs\Python\Python310\Scripts;C:\Users\Lucky\AppData\Local\Programs\Python\Python310;C:\ProgramData\chocolatey\bin;C:\Users\Lucky\AppData\Roaming\nvm;C:\Program Files\nodejs;C:\Program Files\nodejs;C:\Users\Lucky\Downloads\platform-tools;C:\Program Files\cmdline-tools\bin;C:\Program Files\Java\jdk-21\jdk-21\bin;C:\WINDOWS\system32;C:\WINDOWS;C:\WINDOWS\System32\Wbem;C:\WINDOWS\System32\WindowsPowerShell\v1.0;C:\WINDOWS\System32\OpenSSH;C:\Program Files\dotnet;C:\Program Files (x86)\Git\cmd;C:\Program Files\Go\bin;C:\Users\Lucky\AppData\Local\Microsoft\WindowsApps;C:\Users\Lucky\.dotnet\tools;C:\Users\Lucky\AppData\Local\Programs\Microsoft VS Code\bin;C:\Users\Lucky\AppData\Local\GitHubDesktop\bin;C:\Users\Lucky\go\bin;C:\Python 3.10\Scripts;C:\MinGW\bin;C:\Windows\System32;C:\Users\Lucky\AppData\Roaming\nvm;C:\Program Files\nodejs;C:\Users\Lucky\AppData\Roaming\npm;C:\Program Files (x86)\Git\usr\bin\vendor_perl;C:\Program Files (x86)\Git\usr\bin\core_perl

Yarn version: 
  1.22.19

Node version: 
  18.18.0

Platform: 
  win32 x64

Trace: 
  Error: connect ENETUNREACH 104.16.2.35:443
      at TCPConnectWrap.afterConnect [as oncomplete] (node:net:1555:16)

npm manifest: 
  {
    "name": "spiritWrites",
    "version": "1.0.0",
    "scripts": {
      "android": "expo start --android",
  	
      	"format": "eslint \"**/*.{js,jsx,ts,tsx}\" --fix && prettier \"**/*.{js,jsx,ts,tsx,json}\" --write",
  	
      "ios": "expo start --ios",
      "start": "expo start",
      "web": "expo start --web"
    },
    "dependencies": {
      
      
      
  
      
  
      
  
      
        "@react-navigation/native": "^6.1.7",
        "react-native-gesture-handler": "~2.14.0",
        "react-native-safe-area-context": "^4.8.2",
        "react-native-screens": "~3.29.0",
      
  
      
  
      
  
      
  
      
      
      
        "@expo/vector-icons": "^14.0.0",
        "expo-linking": "~6.2.2",
        "expo-router": "^3.4.6", 
        "expo-constants": "~15.4.5",     
        "expo-system-ui": "~2.9.3",
        "expo-web-browser": "~12.8.2",
        "react-dom": "18.2.0",
        "react-native-reanimated": "~3.6.2",
        "react-native-web": "~0.19.6",
      
  
  	
  	    "@react-native-async-storage/async-storage": "1.18.2",
  		"@supabase/supabase-js": "^2.38.4",
  		"react-native-url-polyfill": "^2.0.0",
  	
  
  	
  
      "expo": "~50.0.4",
      "expo-status-bar": "~1.11.1",
      "react": "18.2.0",
      "react-native": "0.73.2"
    },
    "devDependencies": {
      "@babel/core": "^7.20.0",
      "@types/react": "~18.2.14",
      "@typescript-eslint/eslint-plugin": "^6.7.2",
      "@typescript-eslint/parser": "^6.7.2",
      "eslint": "^8.50.0",
      "eslint-config-universe": "^12.0.0",
      "prettier": "^3.0.3",
      
      
      "typescript": "^5.1.3"
    },
    "eslintConfig": {
      "extends": "universe/native"
    },
    
      "resolutions": {
        "expo-modules-core": "~1.11.0"
      },
      "overrides": {
        "expo-modules-core": "~1.11.0"
      },
        
    
      "expo": {
        "install": {
          "exclude": ["react-native-safe-area-context"]
        }
      },
    
    "private": true
  }

yarn manifest: 
  No manifest

Lockfile: 
  No lockfile
